{"/Users/nag/Tng/MERN-stack/stage-1/7-Unit-Testing/app1/arith.js": {"path":"/Users/nag/Tng/MERN-stack/stage-1/7-Unit-Testing/app1/arith.js","statementMap":{"0":{"start":{"line":5,"column":12},"end":{"line":15,"column":1}},"1":{"start":{"line":7,"column":8},"end":{"line":7,"column":22}},"2":{"start":{"line":10,"column":8},"end":{"line":10,"column":22}},"3":{"start":{"line":13,"column":8},"end":{"line":13,"column":22}},"4":{"start":{"line":17,"column":0},"end":{"line":17,"column":22}}},"fnMap":{"0":{"name":"(anonymous_0)","decl":{"start":{"line":6,"column":9},"end":{"line":6,"column":10}},"loc":{"start":{"line":6,"column":27},"end":{"line":8,"column":5}},"line":6},"1":{"name":"(anonymous_1)","decl":{"start":{"line":9,"column":9},"end":{"line":9,"column":10}},"loc":{"start":{"line":9,"column":27},"end":{"line":11,"column":5}},"line":9},"2":{"name":"(anonymous_2)","decl":{"start":{"line":12,"column":9},"end":{"line":12,"column":10}},"loc":{"start":{"line":12,"column":27},"end":{"line":14,"column":5}},"line":12}},"branchMap":{},"s":{"0":1,"1":2,"2":1,"3":0,"4":1},"f":{"0":2,"1":1,"2":0},"b":{},"_coverageSchema":"1a1c01bbd47fc00a2c39e90264f33305004495a9","hash":"df16e7ebea2aad4282879dab37cdd59b9ddb26b0"}
,"/Users/nag/Tng/MERN-stack/stage-1/7-Unit-Testing/app1/hotel.js": {"path":"/Users/nag/Tng/MERN-stack/stage-1/7-Unit-Testing/app1/hotel.js","statementMap":{"0":{"start":{"line":4,"column":4},"end":{"line":8,"column":6}},"1":{"start":{"line":5,"column":8},"end":{"line":7,"column":16}},"2":{"start":{"line":6,"column":12},"end":{"line":6,"column":30}},"3":{"start":{"line":10,"column":0},"end":{"line":10,"column":28}}},"fnMap":{"0":{"name":"getFood","decl":{"start":{"line":3,"column":9},"end":{"line":3,"column":16}},"loc":{"start":{"line":3,"column":19},"end":{"line":9,"column":1}},"line":3},"1":{"name":"(anonymous_1)","decl":{"start":{"line":4,"column":23},"end":{"line":4,"column":24}},"loc":{"start":{"line":4,"column":44},"end":{"line":8,"column":5}},"line":4},"2":{"name":"(anonymous_2)","decl":{"start":{"line":5,"column":19},"end":{"line":5,"column":20}},"loc":{"start":{"line":5,"column":25},"end":{"line":7,"column":9}},"line":5}},"branchMap":{},"s":{"0":1,"1":1,"2":1,"3":1},"f":{"0":1,"1":1,"2":1},"b":{},"_coverageSchema":"1a1c01bbd47fc00a2c39e90264f33305004495a9","hash":"db1e43cb75f988a1f21ea16176dd7476e971d560"}
}
